Something has gone very wrong.
Currency: USD. Amount: 0.99
Time: 2021-08-11 16:05:38.121673
Redirect to Piastrix servis.
Currency: USD. Amount: 1
Time: 2021-08-11 16:05:44.919915
You enter less than 1 USD.
Currency: RUB. Amount: 0.75
Time: 2021-08-11 16:11:02.744011
Something has gone very wrong.
Currency: RUB. Amount: 1
Time: 2021-08-11 16:11:27.052489
Something has gone very wrong.
Currency: RUB. Amount: 45.00
Time: 2021-08-11 18:33:35.392707
Redirect to Piastrix servis.
Currency: RUB. Amount: 45.00
Time: 2021-08-11 18:37:15.003706
Redirect to Piastrix servis.
Currency: RUB. Amount: 556
Time: 2021-08-11 18:41:12.192319
Redirect to Piastrix servis.
Currency: RUB. Amount: 556
Time: 2021-08-11 18:43:47.278053
Redirect to Piastrix servis.
Currency: RUB. Amount: 556
Time: 2021-08-11 18:45:32.455488
Redirect to Piastrix servis.
Currency: RUB. Amount: 556
Time: 2021-08-11 18:45:47.199948
Redirect to Piastrix servis.
Currency: RUB. Amount: 556
Time: 2021-08-11 18:46:57.394946
You enter less than 1 USD.
Currency: RUB. Amount: 0.1
Time: 2021-08-11 18:48:58.900454
Redirect to Piastrix servis.
Currency: RUB. Amount: 10.00
Time: 2021-08-11 18:49:14.139364
---
Redirect to Piastrix servis.
Currency: USD. Amount: 10.00
Time: 2021-08-11 18:55:17.778114
---
Redirect to Piastrix servis.
Currency: EUR. Amount: 2000
Time: 2021-08-11 18:56:30.321736
---
Redirect to Piastrix servis.
Currency: RUB. Amount: 2000
Time: 2021-08-11 19:02:07.340282
---
Redirect to Piastrix servis.
Currency: RUB. Amount: 2000
Time: 2021-08-11 19:03:09.720648
---
Redirect to Piastrix servis.
Currency: RUB. Amount: 2000
Time: 2021-08-11 19:03:42.392750
---
Redirect to Piastrix servis.
Currency: RUB. Amount: 10.00
Time: 2021-08-11 19:04:00.283108
---
Redirect to Piastrix servis.
Currency: RUB. Amount: 10.00
Time: 2021-08-11 19:05:49.303304
---
Redirect to Piastrix servis.
Currency: RUB. Amount: 10.00
Time: 2021-08-11 19:06:51.347596
---
Redirect to Piastrix servis.
Currency: RUB. Amount: 10.00
Time: 2021-08-11 19:07:24.182139
---
Redirect to Piastrix servis.
Currency: RUB. Amount: 10.00
Time: 2021-08-11 19:08:20.397922
---
Redirect to Piastrix servis.
Currency: RUB. Amount: 10.00
Time: 2021-08-11 19:08:58.020497
---
Redirect to Piastrix servis.
Currency: RUB. Amount: 10.00
Time: 2021-08-11 19:09:07.446311
---
Redirect to Piastrix servis.
Currency: EUR. Amount: 10.00
Time: 2021-08-11 19:10:45.379920
---
Redirect to Piastrix servis.
Currency: EUR. Amount: 10.00
Time: 2021-08-11 19:11:18.435292
---
Redirect to Piastrix servis.
Currency: EUR. Amount: 10.00
Time: 2021-08-11 19:11:27.658084
---
Redirect to Piastrix servis.
Currency: EUR. Amount: 10.00
Time: 2021-08-11 19:12:11.840233
---
Redirect to Piastrix servis.
Currency: RUB. Amount: 10.00
Time: 2021-08-11 19:17:56.796894
---
Redirect to Piastrix servis.
Currency: EUR. Amount: 556
Time: 2021-08-11 21:17:15.463663
